# JRE version: Java(TM) SE Runtime Environment (21.0.5+9) (build 21.0.5+9-LTS-239)
# Java VM: Java HotSpot(TM) 64-Bit Server VM (21.0.5+9-LTS-239, mixed mode, sharing, tiered, compressed oops, compressed class ptrs, g1 gc, windows-amd64)
GC Precious Log:
 CardTable entry size: 512
 Card Set container configuration: InlinePtr #cards 5 size 8 Array Of Cards #cards 12 size 40 Howl #buckets 4 coarsen threshold 1843 Howl Bitmap #cards 512 size 80 coarsen threshold 460 Card regions per heap region 1 cards per card region 2048
 CPUs: 8 total, 8 available
 Memory: 7886M
 Large Page Support: Disabled
 NUMA Support: Disabled
 Compressed Oops: Enabled (32-bit)
 Heap Region Size: 1M
 Heap Min Capacity: 8M
 Heap Initial Capacity: 124M
 Heap Max Capacity: 1972M
 Pre-touch: Disabled
 Parallel Workers: 8
 Concurrent Workers: 2
 Concurrent Refinement Workers: 8
 Periodic GC: Disabled
Heap:
 garbage-first heap   total 204800K, used 187010K [0x0000000084c00000, 0x0000000100000000)
  region size 1024K, 134 young (137216K), 15 survivors (15360K)
 Metaspace       used 98495K, committed 99712K, reserved 1179648K
  class space    used 12541K, committed 13248K, reserved 1048576K
GC Heap History (20 events):
Event: 1520.885 GC heap after
{Heap after GC invocations=30 (full 0):
 garbage-first heap   total 204800K, used 72929K [0x0000000084c00000, 0x0000000100000000)
  region size 1024K, 7 young (7168K), 7 survivors (7168K)
 Metaspace       used 96995K, committed 98112K, reserved 1179648K
  class space    used 12671K, committed 13184K, reserved 1048576K
}
Event: 1766.880 GC heap before
{Heap before GC invocations=31 (full 0):
 garbage-first heap   total 204800K, used 181473K [0x0000000084c00000, 0x0000000100000000)
  region size 1024K, 117 young (119808K), 7 survivors (7168K)
 Metaspace       used 97469K, committed 98624K, reserved 1179648K
  class space    used 12683K, committed 13248K, reserved 1048576K
}
Event: 1766.978 GC heap after
{Heap after GC invocations=32 (full 0):
 garbage-first heap   total 204800K, used 72297K [0x0000000084c00000, 0x0000000100000000)
  region size 1024K, 10 young (10240K), 10 survivors (10240K)
 Metaspace       used 97469K, committed 98624K, reserved 1179648K
  class space    used 12683K, committed 13248K, reserved 1048576K
}
Event: 1810.391 GC heap before
{Heap before GC invocations=32 (full 0):
 garbage-first heap   total 204800K, used 183913K [0x0000000084c00000, 0x0000000100000000)
  region size 1024K, 119 young (121856K), 10 survivors (10240K)
 Metaspace       used 97905K, committed 99072K, reserved 1179648K
  class space    used 12690K, committed 13248K, reserved 1048576K
}
Event: 1811.319 GC heap after
{Heap after GC invocations=33 (full 0):
 garbage-first heap   total 204800K, used 62258K [0x0000000084c00000, 0x0000000100000000)
  region size 1024K, 8 young (8192K), 8 survivors (8192K)
 Metaspace       used 97905K, committed 99072K, reserved 1179648K
  class space    used 12690K, committed 13248K, reserved 1048576K
}
Event: 1984.510 GC heap before
{Heap before GC invocations=33 (full 0):
 garbage-first heap   total 204800K, used 176946K [0x0000000084c00000, 0x0000000100000000)
  region size 1024K, 120 young (122880K), 8 survivors (8192K)
 Metaspace       used 98172K, committed 99328K, reserved 1179648K
  class space    used 12690K, committed 13248K, reserved 1048576K
}
Event: 1984.657 GC heap after
{Heap after GC invocations=34 (full 0):
 garbage-first heap   total 274432K, used 59186K [0x0000000084c00000, 0x0000000100000000)
  region size 1024K, 5 young (5120K), 5 survivors (5120K)
 Metaspace       used 98172K, committed 99328K, reserved 1179648K
  class space    used 12690K, committed 13248K, reserved 1048576K
}
Event: 2793.755 GC heap before
{Heap before GC invocations=35 (full 0):
 garbage-first heap   total 204800K, used 175922K [0x0000000084c00000, 0x0000000100000000)
  region size 1024K, 120 young (122880K), 5 survivors (5120K)
 Metaspace       used 97753K, committed 99328K, reserved 1179648K
  class space    used 12544K, committed 13248K, reserved 1048576K
}
Event: 2793.882 GC heap after
{Heap after GC invocations=36 (full 0):
 garbage-first heap   total 204800K, used 58678K [0x0000000084c00000, 0x0000000100000000)
  region size 1024K, 5 young (5120K), 5 survivors (5120K)
 Metaspace       used 97753K, committed 99328K, reserved 1179648K
  class space    used 12544K, committed 13248K, reserved 1048576K
}
Event: 2793.958 GC heap before
{Heap before GC invocations=36 (full 0):
 garbage-first heap   total 204800K, used 62774K [0x0000000084c00000, 0x0000000100000000)
  region size 1024K, 10 young (10240K), 5 survivors (5120K)
 Metaspace       used 97753K, committed 99328K, reserved 1179648K
  class space    used 12544K, committed 13248K, reserved 1048576K
}
Event: 2793.979 GC heap after
{Heap after GC invocations=37 (full 0):
 garbage-first heap   total 204800K, used 57648K [0x0000000084c00000, 0x0000000100000000)
  region size 1024K, 1 young (1024K), 1 survivors (1024K)
 Metaspace       used 97753K, committed 99328K, reserved 1179648K
  class space    used 12544K, committed 13248K, reserved 1048576K
}
Event: 4310.681 GC heap before
{Heap before GC invocations=37 (full 0):
 garbage-first heap   total 204800K, used 178480K [0x0000000084c00000, 0x0000000100000000)
  region size 1024K, 120 young (122880K), 1 survivors (1024K)
 Metaspace       used 97932K, committed 99392K, reserved 1179648K
  class space    used 12544K, committed 13248K, reserved 1048576K
}
Event: 4310.819 GC heap after
{Heap after GC invocations=38 (full 0):
 garbage-first heap   total 204800K, used 57277K [0x0000000084c00000, 0x0000000100000000)
  region size 1024K, 5 young (5120K), 5 survivors (5120K)
 Metaspace       used 97932K, committed 99392K, reserved 1179648K
  class space    used 12544K, committed 13248K, reserved 1048576K
}
Event: 4323.093 GC heap before
{Heap before GC invocations=38 (full 0):
 garbage-first heap   total 204800K, used 174013K [0x0000000084c00000, 0x0000000100000000)
  region size 1024K, 120 young (122880K), 5 survivors (5120K)
 Metaspace       used 98302K, committed 99520K, reserved 1179648K
  class space    used 12554K, committed 13248K, reserved 1048576K
}
Event: 4323.144 GC heap after
{Heap after GC invocations=39 (full 0):
 garbage-first heap   total 204800K, used 65352K [0x0000000084c00000, 0x0000000100000000)
  region size 1024K, 13 young (13312K), 13 survivors (13312K)
 Metaspace       used 98302K, committed 99520K, reserved 1179648K
  class space    used 12554K, committed 13248K, reserved 1048576K
}
Event: 4335.512 GC heap before
{Heap before GC invocations=40 (full 0):
 garbage-first heap   total 204800K, used 173896K [0x0000000084c00000, 0x0000000100000000)
  region size 1024K, 120 young (122880K), 13 survivors (13312K)
 Metaspace       used 98318K, committed 99520K, reserved 1179648K
  class space    used 12540K, committed 13248K, reserved 1048576K
}
Event: 4335.595 GC heap after
{Heap after GC invocations=41 (full 0):
 garbage-first heap   total 204800K, used 66555K [0x0000000084c00000, 0x0000000100000000)
  region size 1024K, 2 young (2048K), 2 survivors (2048K)
 Metaspace       used 98318K, committed 99520K, reserved 1179648K
  class space    used 12540K, committed 13248K, reserved 1048576K
}
Event: 4353.572 GC heap before
{Heap before GC invocations=41 (full 0):
 garbage-first heap   total 204800K, used 186363K [0x0000000084c00000, 0x0000000100000000)
  region size 1024K, 120 young (122880K), 2 survivors (2048K)
 Metaspace       used 98332K, committed 99584K, reserved 1179648K
  class space    used 12540K, committed 13248K, reserved 1048576K
}
Event: 4353.671 GC heap after
{Heap after GC invocations=42 (full 0):
 garbage-first heap   total 204800K, used 65154K [0x0000000084c00000, 0x0000000100000000)
  region size 1024K, 1 young (1024K), 1 survivors (1024K)
 Metaspace       used 98332K, committed 99584K, reserved 1179648K
  class space    used 12540K, committed 13248K, reserved 1048576K
}
Event: 4380.061 GC heap before
{Heap before GC invocations=42 (full 0):
 garbage-first heap   total 204800K, used 185986K [0x0000000084c00000, 0x0000000100000000)
  region size 1024K, 120 young (122880K), 1 survivors (1024K)
 Metaspace       used 98495K, committed 99712K, reserved 1179648K
  class space    used 12541K, committed 13248K, reserved 1048576K
}

