# JRE version: Java(TM) SE Runtime Environment (21.0.5+9) (build 21.0.5+9-LTS-239)
# Java VM: Java HotSpot(TM) 64-Bit Server VM (21.0.5+9-LTS-239, mixed mode, sharing, tiered, compressed oops, compressed class ptrs, g1 gc, windows-amd64)
GC Precious Log:
 CardTable entry size: 512
 Card Set container configuration: InlinePtr #cards 5 size 8 Array Of Cards #cards 12 size 40 Howl #buckets 4 coarsen threshold 1843 Howl Bitmap #cards 512 size 80 coarsen threshold 460 Card regions per heap region 1 cards per card region 2048
 CPUs: 8 total, 8 available
 Memory: 7886M
 Large Page Support: Disabled
 NUMA Support: Disabled
 Compressed Oops: Enabled (32-bit)
 Heap Region Size: 1M
 Heap Min Capacity: 8M
 Heap Initial Capacity: 124M
 Heap Max Capacity: 1972M
 Pre-touch: Disabled
 Parallel Workers: 8
 Concurrent Workers: 2
 Concurrent Refinement Workers: 8
 Periodic GC: Disabled
Heap:
 garbage-first heap   total 185344K, used 108122K [0x0000000084c00000, 0x0000000100000000)
  region size 1024K, 28 young (28672K), 7 survivors (7168K)
 Metaspace       used 95557K, committed 96512K, reserved 1179648K
  class space    used 12706K, committed 13184K, reserved 1048576K
GC Heap History (20 events):
Event: 20.910 GC heap before
{Heap before GC invocations=15 (full 0):
 garbage-first heap   total 82944K, used 74092K [0x0000000084c00000, 0x0000000100000000)
  region size 1024K, 40 young (40960K), 2 survivors (2048K)
 Metaspace       used 75196K, committed 75968K, reserved 1179648K
  class space    used 10153K, committed 10496K, reserved 1048576K
}
Event: 20.914 GC heap after
{Heap after GC invocations=16 (full 0):
 garbage-first heap   total 82944K, used 36689K [0x0000000084c00000, 0x0000000100000000)
  region size 1024K, 4 young (4096K), 4 survivors (4096K)
 Metaspace       used 75196K, committed 75968K, reserved 1179648K
  class space    used 10153K, committed 10496K, reserved 1048576K
}
Event: 21.039 GC heap before
{Heap before GC invocations=17 (full 0):
 garbage-first heap   total 87040K, used 72529K [0x0000000084c00000, 0x0000000100000000)
  region size 1024K, 39 young (39936K), 4 survivors (4096K)
 Metaspace       used 75209K, committed 75968K, reserved 1179648K
  class space    used 10153K, committed 10496K, reserved 1048576K
}
Event: 21.048 GC heap after
{Heap after GC invocations=18 (full 0):
 garbage-first heap   total 87040K, used 42795K [0x0000000084c00000, 0x0000000100000000)
  region size 1024K, 5 young (5120K), 5 survivors (5120K)
 Metaspace       used 75209K, committed 75968K, reserved 1179648K
  class space    used 10153K, committed 10496K, reserved 1048576K
}
Event: 21.139 GC heap before
{Heap before GC invocations=18 (full 0):
 garbage-first heap   total 87040K, used 75563K [0x0000000084c00000, 0x0000000100000000)
  region size 1024K, 37 young (37888K), 5 survivors (5120K)
 Metaspace       used 75209K, committed 75968K, reserved 1179648K
  class space    used 10153K, committed 10496K, reserved 1048576K
}
Event: 21.158 GC heap after
{Heap after GC invocations=19 (full 0):
 garbage-first heap   total 95232K, used 56317K [0x0000000084c00000, 0x0000000100000000)
  region size 1024K, 5 young (5120K), 5 survivors (5120K)
 Metaspace       used 75209K, committed 75968K, reserved 1179648K
  class space    used 10153K, committed 10496K, reserved 1048576K
}
Event: 21.347 GC heap before
{Heap before GC invocations=19 (full 0):
 garbage-first heap   total 95232K, used 78845K [0x0000000084c00000, 0x0000000100000000)
  region size 1024K, 27 young (27648K), 5 survivors (5120K)
 Metaspace       used 75354K, committed 76032K, reserved 1179648K
  class space    used 10179K, committed 10496K, reserved 1048576K
}
Event: 21.360 GC heap after
{Heap after GC invocations=20 (full 0):
 garbage-first heap   total 95232K, used 60959K [0x0000000084c00000, 0x0000000100000000)
  region size 1024K, 4 young (4096K), 4 survivors (4096K)
 Metaspace       used 75354K, committed 76032K, reserved 1179648K
  class space    used 10179K, committed 10496K, reserved 1048576K
}
Event: 21.471 GC heap before
{Heap before GC invocations=21 (full 0):
 garbage-first heap   total 135168K, used 81439K [0x0000000084c00000, 0x0000000100000000)
  region size 1024K, 24 young (24576K), 4 survivors (4096K)
 Metaspace       used 75404K, committed 76096K, reserved 1179648K
  class space    used 10189K, committed 10496K, reserved 1048576K
}
Event: 21.477 GC heap after
{Heap after GC invocations=22 (full 0):
 garbage-first heap   total 135168K, used 62331K [0x0000000084c00000, 0x0000000100000000)
  region size 1024K, 2 young (2048K), 2 survivors (2048K)
 Metaspace       used 75404K, committed 76096K, reserved 1179648K
  class space    used 10189K, committed 10496K, reserved 1048576K
}
Event: 21.650 GC heap before
{Heap before GC invocations=22 (full 0):
 garbage-first heap   total 135168K, used 109435K [0x0000000084c00000, 0x0000000100000000)
  region size 1024K, 48 young (49152K), 2 survivors (2048K)
 Metaspace       used 75406K, committed 76096K, reserved 1179648K
  class space    used 10189K, committed 10496K, reserved 1048576K
}
Event: 21.655 GC heap after
{Heap after GC invocations=23 (full 0):
 garbage-first heap   total 135168K, used 65601K [0x0000000084c00000, 0x0000000100000000)
  region size 1024K, 5 young (5120K), 5 survivors (5120K)
 Metaspace       used 75406K, committed 76096K, reserved 1179648K
  class space    used 10189K, committed 10496K, reserved 1048576K
}
Event: 21.943 GC heap before
{Heap before GC invocations=23 (full 0):
 garbage-first heap   total 135168K, used 113729K [0x0000000084c00000, 0x0000000100000000)
  region size 1024K, 52 young (53248K), 5 survivors (5120K)
 Metaspace       used 75596K, committed 76288K, reserved 1179648K
  class space    used 10199K, committed 10560K, reserved 1048576K
}
Event: 21.954 GC heap after
{Heap after GC invocations=24 (full 0):
 garbage-first heap   total 347136K, used 62681K [0x0000000084c00000, 0x0000000100000000)
  region size 1024K, 1 young (1024K), 1 survivors (1024K)
 Metaspace       used 75596K, committed 76288K, reserved 1179648K
  class space    used 10199K, committed 10560K, reserved 1048576K
}
Event: 26.782 GC heap before
{Heap before GC invocations=25 (full 0):
 garbage-first heap   total 181248K, used 159961K [0x0000000084c00000, 0x0000000100000000)
  region size 1024K, 106 young (108544K), 1 survivors (1024K)
 Metaspace       used 86064K, committed 86976K, reserved 1179648K
  class space    used 11606K, committed 12032K, reserved 1048576K
}
Event: 26.805 GC heap after
{Heap after GC invocations=26 (full 0):
 garbage-first heap   total 181248K, used 64247K [0x0000000084c00000, 0x0000000100000000)
  region size 1024K, 13 young (13312K), 13 survivors (13312K)
 Metaspace       used 86064K, committed 86976K, reserved 1179648K
  class space    used 11606K, committed 12032K, reserved 1048576K
}
Event: 30.692 GC heap before
{Heap before GC invocations=26 (full 0):
 garbage-first heap   total 181248K, used 146167K [0x0000000084c00000, 0x0000000100000000)
  region size 1024K, 94 young (96256K), 13 survivors (13312K)
 Metaspace       used 90283K, committed 91264K, reserved 1179648K
  class space    used 12136K, committed 12608K, reserved 1048576K
}
Event: 30.720 GC heap after
{Heap after GC invocations=27 (full 0):
 garbage-first heap   total 185344K, used 81591K [0x0000000084c00000, 0x0000000100000000)
  region size 1024K, 12 young (12288K), 12 survivors (12288K)
 Metaspace       used 90283K, committed 91264K, reserved 1179648K
  class space    used 12136K, committed 12608K, reserved 1048576K
}
Event: 252.048 GC heap before
{Heap before GC invocations=27 (full 0):
 garbage-first heap   total 185344K, used 146103K [0x0000000084c00000, 0x0000000100000000)
  region size 1024K, 76 young (77824K), 12 survivors (12288K)
 Metaspace       used 94970K, committed 95936K, reserved 1179648K
  class space    used 12709K, committed 13184K, reserved 1048576K
}
Event: 252.184 GC heap after
{Heap after GC invocations=28 (full 0):
 garbage-first heap   total 185344K, used 88666K [0x0000000084c00000, 0x0000000100000000)
  region size 1024K, 7 young (7168K), 7 survivors (7168K)
 Metaspace       used 94970K, committed 95936K, reserved 1179648K
  class space    used 12709K, committed 13184K, reserved 1048576K
}

