# JRE version: OpenJDK Runtime Environment Temurin-21.0.6+7 (21.0.6+7) (build 21.0.6+7-LTS)
# Java VM: OpenJDK 64-Bit Server VM Temurin-21.0.6+7 (21.0.6+7-LTS, mixed mode, sharing, tiered, compressed oops, compressed class ptrs, parallel gc, windows-amd64)
GC Precious Log:
 CardTable entry size: 512
 CPUs: 8 total, 8 available
 Memory: 12022M
 Large Page Support: Disabled
 NUMA Support: Disabled
 Compressed Oops: Enabled (32-bit)
 Alignments: Space 512K, Generation 512K, Heap 2M
 Heap Min Capacity: 100M
 Heap Initial Capacity: 100M
 Heap Max Capacity: 1G
 Pre-touch: Disabled
 Parallel Workers: 8
Heap:
 PSYoungGen      total 2560K, used 2432K [0x00000000eab00000, 0x00000000eae80000, 0x0000000100000000)
  eden space 2048K, 100% used [0x00000000eab00000,0x00000000ead00000,0x00000000ead00000)
  from space 512K, 75% used [0x00000000ead80000,0x00000000eade0000,0x00000000eae00000)
  to   space 512K, 75% used [0x00000000eae00000,0x00000000eae60000,0x00000000eae80000)
 ParOldGen       total 442368K, used 441897K [0x00000000c0000000, 0x00000000db000000, 0x00000000eab00000)
  object space 442368K, 99% used [0x00000000c0000000,0x00000000daf8a4b8,0x00000000db000000)
 Metaspace       used 65660K, committed 67200K, reserved 1114112K
  class space    used 6497K, committed 7232K, reserved 1048576K
GC Heap History (20 events):
Event: 22.117 GC heap before
{Heap before GC invocations=534 (full 3):
 PSYoungGen      total 2560K, used 2398K [0x00000000eab00000, 0x00000000eae00000, 0x0000000100000000)
  eden space 2048K, 99% used [0x00000000eab00000,0x00000000eacff938,0x00000000ead00000)
  from space 512K, 68% used [0x00000000ead80000,0x00000000eadd8000,0x00000000eae00000)
  to   space 512K, 0% used [0x00000000ead00000,0x00000000ead00000,0x00000000ead80000)
 ParOldGen       total 438784K, used 438366K [0x00000000c0000000, 0x00000000dac80000, 0x00000000eab00000)
  object space 438784K, 99% used [0x00000000c0000000,0x00000000dac178a0,0x00000000dac80000)
 Metaspace       used 65660K, committed 67200K, reserved 1114112K
  class space    used 6497K, committed 7232K, reserved 1048576K
}
Event: 22.118 GC heap after
{Heap after GC invocations=534 (full 3):
 PSYoungGen      total 2560K, used 384K [0x00000000eab00000, 0x00000000eae00000, 0x0000000100000000)
  eden space 2048K, 0% used [0x00000000eab00000,0x00000000eab00000,0x00000000ead00000)
  from space 512K, 75% used [0x00000000ead00000,0x00000000ead60000,0x00000000ead80000)
  to   space 512K, 0% used [0x00000000ead80000,0x00000000ead80000,0x00000000eae00000)
 ParOldGen       total 438784K, used 438646K [0x00000000c0000000, 0x00000000dac80000, 0x00000000eab00000)
  object space 438784K, 99% used [0x00000000c0000000,0x00000000dac5d8a0,0x00000000dac80000)
 Metaspace       used 65660K, committed 67200K, reserved 1114112K
  class space    used 6497K, committed 7232K, reserved 1048576K
}
Event: 22.126 GC heap before
{Heap before GC invocations=535 (full 3):
 PSYoungGen      total 2560K, used 2432K [0x00000000eab00000, 0x00000000eae00000, 0x0000000100000000)
  eden space 2048K, 100% used [0x00000000eab00000,0x00000000ead00000,0x00000000ead00000)
  from space 512K, 75% used [0x00000000ead00000,0x00000000ead60000,0x00000000ead80000)
  to   space 512K, 0% used [0x00000000ead80000,0x00000000ead80000,0x00000000eae00000)
 ParOldGen       total 438784K, used 438646K [0x00000000c0000000, 0x00000000dac80000, 0x00000000eab00000)
  object space 438784K, 99% used [0x00000000c0000000,0x00000000dac5d8a0,0x00000000dac80000)
 Metaspace       used 65660K, committed 67200K, reserved 1114112K
  class space    used 6497K, committed 7232K, reserved 1048576K
}
Event: 22.127 GC heap after
{Heap after GC invocations=535 (full 3):
 PSYoungGen      total 2560K, used 352K [0x00000000eab00000, 0x00000000eae00000, 0x0000000100000000)
  eden space 2048K, 0% used [0x00000000eab00000,0x00000000eab00000,0x00000000ead00000)
  from space 512K, 68% used [0x00000000ead80000,0x00000000eadd8000,0x00000000eae00000)
  to   space 512K, 0% used [0x00000000ead00000,0x00000000ead00000,0x00000000ead80000)
 ParOldGen       total 439296K, used 438910K [0x00000000c0000000, 0x00000000dad00000, 0x00000000eab00000)
  object space 439296K, 99% used [0x00000000c0000000,0x00000000dac9f8a0,0x00000000dad00000)
 Metaspace       used 65660K, committed 67200K, reserved 1114112K
  class space    used 6497K, committed 7232K, reserved 1048576K
}
Event: 22.132 GC heap before
{Heap before GC invocations=536 (full 3):
 PSYoungGen      total 2560K, used 2376K [0x00000000eab00000, 0x00000000eae00000, 0x0000000100000000)
  eden space 2048K, 98% used [0x00000000eab00000,0x00000000eacfa008,0x00000000ead00000)
  from space 512K, 68% used [0x00000000ead80000,0x00000000eadd8000,0x00000000eae00000)
  to   space 512K, 0% used [0x00000000ead00000,0x00000000ead00000,0x00000000ead80000)
 ParOldGen       total 439296K, used 438910K [0x00000000c0000000, 0x00000000dad00000, 0x00000000eab00000)
  object space 439296K, 99% used [0x00000000c0000000,0x00000000dac9f8a0,0x00000000dad00000)
 Metaspace       used 65660K, committed 67200K, reserved 1114112K
  class space    used 6497K, committed 7232K, reserved 1048576K
}
Event: 22.134 GC heap after
{Heap after GC invocations=536 (full 3):
 PSYoungGen      total 2560K, used 504K [0x00000000eab00000, 0x00000000eaf00000, 0x0000000100000000)
  eden space 2048K, 0% used [0x00000000eab00000,0x00000000eab00000,0x00000000ead00000)
  from space 512K, 98% used [0x00000000ead00000,0x00000000ead7e008,0x00000000ead80000)
  to   space 1024K, 0% used [0x00000000eae00000,0x00000000eae00000,0x00000000eaf00000)
 ParOldGen       total 439296K, used 439230K [0x00000000c0000000, 0x00000000dad00000, 0x00000000eab00000)
  object space 439296K, 99% used [0x00000000c0000000,0x00000000dacef8a0,0x00000000dad00000)
 Metaspace       used 65660K, committed 67200K, reserved 1114112K
  class space    used 6497K, committed 7232K, reserved 1048576K
}
Event: 22.138 GC heap before
{Heap before GC invocations=537 (full 3):
 PSYoungGen      total 2560K, used 2552K [0x00000000eab00000, 0x00000000eaf00000, 0x0000000100000000)
  eden space 2048K, 100% used [0x00000000eab00000,0x00000000ead00000,0x00000000ead00000)
  from space 512K, 98% used [0x00000000ead00000,0x00000000ead7e008,0x00000000ead80000)
  to   space 1024K, 0% used [0x00000000eae00000,0x00000000eae00000,0x00000000eaf00000)
 ParOldGen       total 439296K, used 439230K [0x00000000c0000000, 0x00000000dad00000, 0x00000000eab00000)
  object space 439296K, 99% used [0x00000000c0000000,0x00000000dacef8a0,0x00000000dad00000)
 Metaspace       used 65660K, committed 67200K, reserved 1114112K
  class space    used 6497K, committed 7232K, reserved 1048576K
}
Event: 22.139 GC heap after
{Heap after GC invocations=537 (full 3):
 PSYoungGen      total 3072K, used 352K [0x00000000eab00000, 0x00000000eaf00000, 0x0000000100000000)
  eden space 2048K, 0% used [0x00000000eab00000,0x00000000eab00000,0x00000000ead00000)
  from space 1024K, 34% used [0x00000000eae00000,0x00000000eae58000,0x00000000eaf00000)
  to   space 1024K, 0% used [0x00000000ead00000,0x00000000ead00000,0x00000000eae00000)
 ParOldGen       total 439808K, used 439670K [0x00000000c0000000, 0x00000000dad80000, 0x00000000eab00000)
  object space 439808K, 99% used [0x00000000c0000000,0x00000000dad5d8a8,0x00000000dad80000)
 Metaspace       used 65660K, committed 67200K, reserved 1114112K
  class space    used 6497K, committed 7232K, reserved 1048576K
}
Event: 22.146 GC heap before
{Heap before GC invocations=538 (full 3):
 PSYoungGen      total 3072K, used 2400K [0x00000000eab00000, 0x00000000eaf00000, 0x0000000100000000)
  eden space 2048K, 100% used [0x00000000eab00000,0x00000000ead00000,0x00000000ead00000)
  from space 1024K, 34% used [0x00000000eae00000,0x00000000eae58000,0x00000000eaf00000)
  to   space 1024K, 0% used [0x00000000ead00000,0x00000000ead00000,0x00000000eae00000)
 ParOldGen       total 439808K, used 439670K [0x00000000c0000000, 0x00000000dad80000, 0x00000000eab00000)
  object space 439808K, 99% used [0x00000000c0000000,0x00000000dad5d8a8,0x00000000dad80000)
 Metaspace       used 65660K, committed 67200K, reserved 1114112K
  class space    used 6497K, committed 7232K, reserved 1048576K
}
Event: 22.147 GC heap after
{Heap after GC invocations=538 (full 3):
 PSYoungGen      total 3072K, used 385K [0x00000000eab00000, 0x00000000eae80000, 0x0000000100000000)
  eden space 2048K, 0% used [0x00000000eab00000,0x00000000eab00000,0x00000000ead00000)
  from space 1024K, 37% used [0x00000000ead00000,0x00000000ead607f8,0x00000000eae00000)
  to   space 512K, 0% used [0x00000000eae00000,0x00000000eae00000,0x00000000eae80000)
 ParOldGen       total 440320K, used 439918K [0x00000000c0000000, 0x00000000dae00000, 0x00000000eab00000)
  object space 440320K, 99% used [0x00000000c0000000,0x00000000dad9b8a8,0x00000000dae00000)
 Metaspace       used 65660K, committed 67200K, reserved 1114112K
  class space    used 6497K, committed 7232K, reserved 1048576K
}
Event: 22.154 GC heap before
{Heap before GC invocations=539 (full 3):
 PSYoungGen      total 3072K, used 2433K [0x00000000eab00000, 0x00000000eae80000, 0x0000000100000000)
  eden space 2048K, 100% used [0x00000000eab00000,0x00000000ead00000,0x00000000ead00000)
  from space 1024K, 37% used [0x00000000ead00000,0x00000000ead607f8,0x00000000eae00000)
  to   space 512K, 0% used [0x00000000eae00000,0x00000000eae00000,0x00000000eae80000)
 ParOldGen       total 440320K, used 439918K [0x00000000c0000000, 0x00000000dae00000, 0x00000000eab00000)
  object space 440320K, 99% used [0x00000000c0000000,0x00000000dad9b8a8,0x00000000dae00000)
 Metaspace       used 65660K, committed 67200K, reserved 1114112K
  class space    used 6497K, committed 7232K, reserved 1048576K
}
Event: 22.155 GC heap after
{Heap after GC invocations=539 (full 3):
 PSYoungGen      total 2560K, used 416K [0x00000000eab00000, 0x00000000eae80000, 0x0000000100000000)
  eden space 2048K, 0% used [0x00000000eab00000,0x00000000eab00000,0x00000000ead00000)
  from space 512K, 81% used [0x00000000eae00000,0x00000000eae68000,0x00000000eae80000)
  to   space 512K, 0% used [0x00000000ead80000,0x00000000ead80000,0x00000000eae00000)
 ParOldGen       total 440320K, used 440158K [0x00000000c0000000, 0x00000000dae00000, 0x00000000eab00000)
  object space 440320K, 99% used [0x00000000c0000000,0x00000000dadd78a8,0x00000000dae00000)
 Metaspace       used 65660K, committed 67200K, reserved 1114112K
  class space    used 6497K, committed 7232K, reserved 1048576K
}
Event: 22.161 GC heap before
{Heap before GC invocations=540 (full 3):
 PSYoungGen      total 2560K, used 2464K [0x00000000eab00000, 0x00000000eae80000, 0x0000000100000000)
  eden space 2048K, 100% used [0x00000000eab00000,0x00000000ead00000,0x00000000ead00000)
  from space 512K, 81% used [0x00000000eae00000,0x00000000eae68000,0x00000000eae80000)
  to   space 512K, 0% used [0x00000000ead80000,0x00000000ead80000,0x00000000eae00000)
 ParOldGen       total 440320K, used 440158K [0x00000000c0000000, 0x00000000dae00000, 0x00000000eab00000)
  object space 440320K, 99% used [0x00000000c0000000,0x00000000dadd78a8,0x00000000dae00000)
 Metaspace       used 65660K, committed 67200K, reserved 1114112K
  class space    used 6497K, committed 7232K, reserved 1048576K
}
Event: 22.163 GC heap after
{Heap after GC invocations=540 (full 3):
 PSYoungGen      total 2560K, used 480K [0x00000000eab00000, 0x00000000eae80000, 0x0000000100000000)
  eden space 2048K, 0% used [0x00000000eab00000,0x00000000eab00000,0x00000000ead00000)
  from space 512K, 93% used [0x00000000ead80000,0x00000000eadf8000,0x00000000eae00000)
  to   space 512K, 0% used [0x00000000eae00000,0x00000000eae00000,0x00000000eae80000)
 ParOldGen       total 440832K, used 440462K [0x00000000c0000000, 0x00000000dae80000, 0x00000000eab00000)
  object space 440832K, 99% used [0x00000000c0000000,0x00000000dae238a8,0x00000000dae80000)
 Metaspace       used 65660K, committed 67200K, reserved 1114112K
  class space    used 6497K, committed 7232K, reserved 1048576K
}
Event: 22.168 GC heap before
{Heap before GC invocations=541 (full 3):
 PSYoungGen      total 2560K, used 2528K [0x00000000eab00000, 0x00000000eae80000, 0x0000000100000000)
  eden space 2048K, 100% used [0x00000000eab00000,0x00000000ead00000,0x00000000ead00000)
  from space 512K, 93% used [0x00000000ead80000,0x00000000eadf8000,0x00000000eae00000)
  to   space 512K, 0% used [0x00000000eae00000,0x00000000eae00000,0x00000000eae80000)
 ParOldGen       total 440832K, used 440462K [0x00000000c0000000, 0x00000000dae80000, 0x00000000eab00000)
  object space 440832K, 99% used [0x00000000c0000000,0x00000000dae238a8,0x00000000dae80000)
 Metaspace       used 65660K, committed 67200K, reserved 1114112K
  class space    used 6497K, committed 7232K, reserved 1048576K
}
Event: 22.169 GC heap after
{Heap after GC invocations=541 (full 3):
 PSYoungGen      total 2560K, used 352K [0x00000000eab00000, 0x00000000eae80000, 0x0000000100000000)
  eden space 2048K, 0% used [0x00000000eab00000,0x00000000eab00000,0x00000000ead00000)
  from space 512K, 68% used [0x00000000eae00000,0x00000000eae58000,0x00000000eae80000)
  to   space 512K, 0% used [0x00000000ead80000,0x00000000ead80000,0x00000000eae00000)
 ParOldGen       total 440832K, used 440769K [0x00000000c0000000, 0x00000000dae80000, 0x00000000eab00000)
  object space 440832K, 99% used [0x00000000c0000000,0x00000000dae704b8,0x00000000dae80000)
 Metaspace       used 65660K, committed 67200K, reserved 1114112K
  class space    used 6497K, committed 7232K, reserved 1048576K
}
Event: 22.176 GC heap before
{Heap before GC invocations=542 (full 3):
 PSYoungGen      total 2560K, used 2400K [0x00000000eab00000, 0x00000000eae80000, 0x0000000100000000)
  eden space 2048K, 100% used [0x00000000eab00000,0x00000000ead00000,0x00000000ead00000)
  from space 512K, 68% used [0x00000000eae00000,0x00000000eae58000,0x00000000eae80000)
  to   space 512K, 0% used [0x00000000ead80000,0x00000000ead80000,0x00000000eae00000)
 ParOldGen       total 440832K, used 440769K [0x00000000c0000000, 0x00000000dae80000, 0x00000000eab00000)
  object space 440832K, 99% used [0x00000000c0000000,0x00000000dae704b8,0x00000000dae80000)
 Metaspace       used 65660K, committed 67200K, reserved 1114112K
  class space    used 6497K, committed 7232K, reserved 1048576K
}
Event: 22.177 GC heap after
{Heap after GC invocations=542 (full 3):
 PSYoungGen      total 2560K, used 416K [0x00000000eab00000, 0x00000000eae80000, 0x0000000100000000)
  eden space 2048K, 0% used [0x00000000eab00000,0x00000000eab00000,0x00000000ead00000)
  from space 512K, 81% used [0x00000000ead80000,0x00000000eade8000,0x00000000eae00000)
  to   space 512K, 0% used [0x00000000eae00000,0x00000000eae00000,0x00000000eae80000)
 ParOldGen       total 441344K, used 441065K [0x00000000c0000000, 0x00000000daf00000, 0x00000000eab00000)
  object space 441344K, 99% used [0x00000000c0000000,0x00000000daeba4b8,0x00000000daf00000)
 Metaspace       used 65660K, committed 67200K, reserved 1114112K
  class space    used 6497K, committed 7232K, reserved 1048576K
}
Event: 22.186 GC heap before
{Heap before GC invocations=543 (full 3):
 PSYoungGen      total 2560K, used 2464K [0x00000000eab00000, 0x00000000eae80000, 0x0000000100000000)
  eden space 2048K, 100% used [0x00000000eab00000,0x00000000ead00000,0x00000000ead00000)
  from space 512K, 81% used [0x00000000ead80000,0x00000000eade8000,0x00000000eae00000)
  to   space 512K, 0% used [0x00000000eae00000,0x00000000eae00000,0x00000000eae80000)
 ParOldGen       total 441344K, used 441065K [0x00000000c0000000, 0x00000000daf00000, 0x00000000eab00000)
  object space 441344K, 99% used [0x00000000c0000000,0x00000000daeba4b8,0x00000000daf00000)
 Metaspace       used 65660K, committed 67200K, reserved 1114112K
  class space    used 6497K, committed 7232K, reserved 1048576K
}
Event: 22.188 GC heap after
{Heap after GC invocations=543 (full 3):
 PSYoungGen      total 2560K, used 352K [0x00000000eab00000, 0x00000000eae80000, 0x0000000100000000)
  eden space 2048K, 0% used [0x00000000eab00000,0x00000000eab00000,0x00000000ead00000)
  from space 512K, 68% used [0x00000000eae00000,0x00000000eae58000,0x00000000eae80000)
  to   space 512K, 0% used [0x00000000ead80000,0x00000000ead80000,0x00000000eae00000)
 ParOldGen       total 441856K, used 441369K [0x00000000c0000000, 0x00000000daf80000, 0x00000000eab00000)
  object space 441856K, 99% used [0x00000000c0000000,0x00000000daf064b8,0x00000000daf80000)
 Metaspace       used 65660K, committed 67200K, reserved 1114112K
  class space    used 6497K, committed 7232K, reserved 1048576K
}

