# JRE version: Java(TM) SE Runtime Environment (21.0.5+9) (build 21.0.5+9-LTS-239)
# Java VM: Java HotSpot(TM) 64-Bit Server VM (21.0.5+9-LTS-239, mixed mode, sharing, tiered, compressed oops, compressed class ptrs, g1 gc, windows-amd64)
GC Precious Log:
 CardTable entry size: 512
 Card Set container configuration: InlinePtr #cards 5 size 8 Array Of Cards #cards 12 size 40 Howl #buckets 4 coarsen threshold 1843 Howl Bitmap #cards 512 size 80 coarsen threshold 460 Card regions per heap region 1 cards per card region 2048
 CPUs: 8 total, 8 available
 Memory: 7886M
 Large Page Support: Disabled
 NUMA Support: Disabled
 Compressed Oops: Enabled (32-bit)
 Heap Region Size: 1M
 Heap Min Capacity: 8M
 Heap Initial Capacity: 124M
 Heap Max Capacity: 1972M
 Pre-touch: Disabled
 Parallel Workers: 8
 Concurrent Workers: 2
 Concurrent Refinement Workers: 8
 Periodic GC: Disabled
Heap:
 garbage-first heap   total 145408K, used 101776K [0x0000000084c00000, 0x0000000100000000)
  region size 1024K, 46 young (47104K), 4 survivors (4096K)
 Metaspace       used 97781K, committed 99072K, reserved 1179648K
  class space    used 12507K, committed 13120K, reserved 1048576K
GC Heap History (20 events):
Event: 148.385 GC heap before
{Heap before GC invocations=29 (full 0):
 garbage-first heap   total 143360K, used 99286K [0x0000000084c00000, 0x0000000100000000)
  region size 1024K, 27 young (27648K), 5 survivors (5120K)
 Metaspace       used 90897K, committed 91840K, reserved 1179648K
  class space    used 12275K, committed 12736K, reserved 1048576K
}
Event: 148.410 GC heap after
{Heap after GC invocations=30 (full 0):
 garbage-first heap   total 143360K, used 84842K [0x0000000084c00000, 0x0000000100000000)
  region size 1024K, 4 young (4096K), 4 survivors (4096K)
 Metaspace       used 90897K, committed 91840K, reserved 1179648K
  class space    used 12275K, committed 12736K, reserved 1048576K
}
Event: 152.128 GC heap before
{Heap before GC invocations=30 (full 0):
 garbage-first heap   total 143360K, used 117610K [0x0000000084c00000, 0x0000000100000000)
  region size 1024K, 37 young (37888K), 4 survivors (4096K)
 Metaspace       used 92641K, committed 93632K, reserved 1179648K
  class space    used 12325K, committed 12800K, reserved 1048576K
}
Event: 152.138 GC heap after
{Heap after GC invocations=31 (full 0):
 garbage-first heap   total 143360K, used 82286K [0x0000000084c00000, 0x0000000100000000)
  region size 1024K, 5 young (5120K), 5 survivors (5120K)
 Metaspace       used 92641K, committed 93632K, reserved 1179648K
  class space    used 12325K, committed 12800K, reserved 1048576K
}
Event: 158.733 GC heap before
{Heap before GC invocations=31 (full 0):
 garbage-first heap   total 143360K, used 118126K [0x0000000084c00000, 0x0000000100000000)
  region size 1024K, 40 young (40960K), 5 survivors (5120K)
 Metaspace       used 93614K, committed 94656K, reserved 1179648K
  class space    used 12361K, committed 12864K, reserved 1048576K
}
Event: 158.753 GC heap after
{Heap after GC invocations=32 (full 0):
 garbage-first heap   total 143360K, used 83467K [0x0000000084c00000, 0x0000000100000000)
  region size 1024K, 2 young (2048K), 2 survivors (2048K)
 Metaspace       used 93614K, committed 94656K, reserved 1179648K
  class space    used 12361K, committed 12864K, reserved 1048576K
}
Event: 170.517 GC heap before
{Heap before GC invocations=33 (full 0):
 garbage-first heap   total 145408K, used 120331K [0x0000000084c00000, 0x0000000100000000)
  region size 1024K, 39 young (39936K), 2 survivors (2048K)
 Metaspace       used 94328K, committed 95296K, reserved 1179648K
  class space    used 12378K, committed 12864K, reserved 1048576K
}
Event: 170.521 GC heap after
{Heap after GC invocations=34 (full 0):
 garbage-first heap   total 145408K, used 84133K [0x0000000084c00000, 0x0000000100000000)
  region size 1024K, 2 young (2048K), 2 survivors (2048K)
 Metaspace       used 94328K, committed 95296K, reserved 1179648K
  class space    used 12378K, committed 12864K, reserved 1048576K
}
Event: 205.668 GC heap before
{Heap before GC invocations=34 (full 0):
 garbage-first heap   total 145408K, used 125093K [0x0000000084c00000, 0x0000000100000000)
  region size 1024K, 43 young (44032K), 2 survivors (2048K)
 Metaspace       used 95034K, committed 96000K, reserved 1179648K
  class space    used 12427K, committed 12864K, reserved 1048576K
}
Event: 205.727 GC heap after
{Heap after GC invocations=35 (full 0):
 garbage-first heap   total 145408K, used 84185K [0x0000000084c00000, 0x0000000100000000)
  region size 1024K, 5 young (5120K), 5 survivors (5120K)
 Metaspace       used 95034K, committed 96000K, reserved 1179648K
  class space    used 12427K, committed 12864K, reserved 1048576K
}
Event: 226.739 GC heap before
{Heap before GC invocations=35 (full 0):
 garbage-first heap   total 145408K, used 126169K [0x0000000084c00000, 0x0000000100000000)
  region size 1024K, 47 young (48128K), 5 survivors (5120K)
 Metaspace       used 96334K, committed 97344K, reserved 1179648K
  class space    used 12581K, committed 13056K, reserved 1048576K
}
Event: 226.776 GC heap after
{Heap after GC invocations=36 (full 0):
 garbage-first heap   total 145408K, used 85154K [0x0000000084c00000, 0x0000000100000000)
  region size 1024K, 4 young (4096K), 4 survivors (4096K)
 Metaspace       used 96334K, committed 97344K, reserved 1179648K
  class space    used 12581K, committed 13056K, reserved 1048576K
}
Event: 766.657 GC heap before
{Heap before GC invocations=37 (full 0):
 garbage-first heap   total 145408K, used 129186K [0x0000000084c00000, 0x0000000100000000)
  region size 1024K, 48 young (49152K), 4 survivors (4096K)
 Metaspace       used 96797K, committed 97792K, reserved 1179648K
  class space    used 12585K, committed 13056K, reserved 1048576K
}
Event: 766.766 GC heap after
{Heap after GC invocations=38 (full 0):
 garbage-first heap   total 145408K, used 86938K [0x0000000084c00000, 0x0000000100000000)
  region size 1024K, 4 young (4096K), 4 survivors (4096K)
 Metaspace       used 96797K, committed 97792K, reserved 1179648K
  class space    used 12585K, committed 13056K, reserved 1048576K
}
Event: 810.614 GC heap before
{Heap before GC invocations=38 (full 0):
 garbage-first heap   total 145408K, used 129946K [0x0000000084c00000, 0x0000000100000000)
  region size 1024K, 47 young (48128K), 4 survivors (4096K)
 Metaspace       used 96919K, committed 97856K, reserved 1179648K
  class space    used 12590K, committed 13056K, reserved 1048576K
}
Event: 810.649 GC heap after
{Heap after GC invocations=39 (full 0):
 garbage-first heap   total 145408K, used 72346K [0x0000000084c00000, 0x0000000100000000)
  region size 1024K, 4 young (4096K), 4 survivors (4096K)
 Metaspace       used 96919K, committed 97856K, reserved 1179648K
  class space    used 12590K, committed 13056K, reserved 1048576K
}
Event: 6851.621 GC heap before
{Heap before GC invocations=39 (full 0):
 garbage-first heap   total 145408K, used 128666K [0x0000000084c00000, 0x0000000100000000)
  region size 1024K, 60 young (61440K), 4 survivors (4096K)
 Metaspace       used 97676K, committed 98688K, reserved 1179648K
  class space    used 12630K, committed 13120K, reserved 1048576K
}
Event: 6852.040 GC heap after
{Heap after GC invocations=40 (full 0):
 garbage-first heap   total 145408K, used 62529K [0x0000000084c00000, 0x0000000100000000)
  region size 1024K, 6 young (6144K), 6 survivors (6144K)
 Metaspace       used 97676K, committed 98688K, reserved 1179648K
  class space    used 12630K, committed 13120K, reserved 1048576K
}
Event: 6881.998 GC heap before
{Heap before GC invocations=40 (full 0):
 garbage-first heap   total 145408K, used 129089K [0x0000000084c00000, 0x0000000100000000)
  region size 1024K, 72 young (73728K), 6 survivors (6144K)
 Metaspace       used 97940K, committed 99008K, reserved 1179648K
  class space    used 12630K, committed 13120K, reserved 1048576K
}
Event: 6882.079 GC heap after
{Heap after GC invocations=41 (full 0):
 garbage-first heap   total 145408K, used 60816K [0x0000000084c00000, 0x0000000100000000)
  region size 1024K, 4 young (4096K), 4 survivors (4096K)
 Metaspace       used 97940K, committed 99008K, reserved 1179648K
  class space    used 12630K, committed 13120K, reserved 1048576K
}

